<?xml version="1.0" encoding="UTF-8"?>
<!-- Generated by org.testng.reporters.JUnitReportReporter -->
<testsuite skipped="0" hostname="BLR145CG9332CJC" name="com.crm.qa.tests.LogInPageTest" tests="3" failures="0" timestamp="18 Sep 2021 17:21:09 GMT" time="38.600" errors="0">
  <testcase name="LoginPageTitleTest" time="12.986" classname="com.crm.qa.tests.LogInPageTest"/>
  <testcase name="CRMLogoImageTest" time="12.514" classname="com.crm.qa.tests.LogInPageTest"/>
  <testcase name="LoginTest" time="13.100" classname="com.crm.qa.tests.LogInPageTest"/>
</testsuite> <!-- com.crm.qa.tests.LogInPageTest -->
