<?xml version="1.0" encoding="UTF-8"?>
<!-- Generated by org.testng.reporters.JUnitReportReporter -->
<testsuite skipped="0" hostname="BLR145CG9332CJC" name="com.crm.qa.base.AnnotationExample" tests="1" failures="0" timestamp="10 Sep 2021 18:07:32 GMT" time="0.022" errors="0">
  <testcase name="verifyHomePageTitle" time="0.022" classname="com.crm.qa.base.AnnotationExample"/>
</testsuite> <!-- com.crm.qa.base.AnnotationExample -->
