<?xml version="1.0" encoding="UTF-8"?>
<!-- Generated by org.testng.reporters.JUnitReportReporter -->
<testsuite skipped="0" hostname="BLR145CG9332CJC" name="com.crm.qa.base.Example" tests="1" failures="0" timestamp="10 Sep 2021 15:42:47 GMT" time="7.654" errors="0">
  <testcase name="verifyHomePageTitle" time="7.654" classname="com.crm.qa.base.Example"/>
</testsuite> <!-- com.crm.qa.base.Example -->
