<?xml version="1.0" encoding="UTF-8"?>
<!-- Generated by org.testng.reporters.JUnitReportReporter -->
<testsuite skipped="0" hostname="BLR145CG9332CJC" name="com.crm.qa.base.TestingAnnotations" tests="2" failures="0" timestamp="10 Sep 2021 18:18:52 GMT" time="0.009" errors="0">
  <testcase name="testCase1" time="0.007" classname="com.crm.qa.base.TestingAnnotations"/>
  <testcase name="testCase2" time="0.002" classname="com.crm.qa.base.TestingAnnotations"/>
</testsuite> <!-- com.crm.qa.base.TestingAnnotations -->
