<?xml version="1.0" encoding="UTF-8"?>
<!-- Generated by org.testng.reporters.JUnitReportReporter -->
<testsuite skipped="0" hostname="BLR145CG9332CJC" name="com.crm.qa.tests.HomePageTest" tests="3" failures="0" timestamp="15 Sep 2021 18:29:06 GMT" time="44.176" errors="0">
  <testcase name="Verify_HomePageTitleTest" time="13.873" classname="com.crm.qa.tests.HomePageTest"/>
  <testcase name="Verify_UserNameTest" time="15.090" classname="com.crm.qa.tests.HomePageTest"/>
  <testcase name="VerifyContactsTest" time="15.213" classname="com.crm.qa.tests.HomePageTest"/>
</testsuite> <!-- com.crm.qa.tests.HomePageTest -->
