<?xml version="1.0" encoding="UTF-8"?>
<!-- Generated by org.testng.reporters.JUnitReportReporter -->
<testsuite skipped="0" hostname="BLR145CG9332CJC" name="com.crm.qa.base.CrossBrowserTesting" tests="2" failures="0" timestamp="13 Sep 2021 15:32:05 GMT" time="20.536" errors="0">
  <testcase name="testParameterWithXML" time="6.689" classname="com.crm.qa.base.CrossBrowserTesting"/>
  <testcase name="testParameterWithXML" time="13.847" classname="com.crm.qa.base.CrossBrowserTesting"/>
</testsuite> <!-- com.crm.qa.base.CrossBrowserTesting -->
