<?xml version="1.0" encoding="UTF-8"?>
<!-- Generated by org.testng.reporters.JUnitReportReporter -->
<testsuite skipped="0" hostname="BLR145CG9332CJC" name="com.crm.qa.tests.ContactsPageTest" tests="5" failures="0" timestamp="15 Sep 2021 18:29:06 GMT" time="103.841" errors="0">
  <testcase name="Verify_ContactPageLabelTest" time="15.263" classname="com.crm.qa.tests.ContactsPageTest"/>
  <testcase name="SelectContactTest" time="14.974" classname="com.crm.qa.tests.ContactsPageTest"/>
  <testcase name="Validate_CreateNewContact" time="24.262" classname="com.crm.qa.tests.ContactsPageTest"/>
  <testcase name="Validate_CreateNewContact" time="25.483" classname="com.crm.qa.tests.ContactsPageTest"/>
  <testcase name="Validate_CreateNewContact" time="23.859" classname="com.crm.qa.tests.ContactsPageTest"/>
</testsuite> <!-- com.crm.qa.tests.ContactsPageTest -->
